Log file open, 08/22/18 14:05:24
LogWindows: Failed to load 'aqProf.dll' (GetLastError=126)
LogWindows: File 'aqProf.dll' does not exist
LogWindows: Failed to load 'VtuneApi.dll' (GetLastError=126)
LogWindows: File 'VtuneApi.dll' does not exist
LogWindows: Failed to load 'VtuneApi32e.dll' (GetLastError=126)
LogWindows: File 'VtuneApi32e.dll' does not exist
LogInit: Display: Running engine for game: EEL
LogPlatformFile: Not using cached read wrapper
LogInit: Display: RandInit(-2010122015) SRandInit(-2010122015).
LogInit: Read version file with build ID '3944462'
LogInit: Overriding engine version to CL 4033788, compatible CL 3944462
LogInit: Registered custom module enumerator with build ID '3944462'
LogTaskGraph: Started task graph with 5 named threads and 23 total threads with 3 sets of task threads.
LogStats: Stats thread started at 0.284273
LogD3D11RHI: Aftermath initialized
LogICUInternationalization: Display: ICU TimeZone Detection - Raw Offset: +12:00, Platform Override: ''
LogModuleManager: Display: Found up-to-date module file ../../../Engine/Plugins/2D/Paper2D/Binaries/Win64/UE4Editor-Paper2D.dll (API version 3944462).
LogModuleManager: Display: Found up-to-date module file ../../../Engine/Plugins/2D/Paper2D/Binaries/Win64/UE4Editor-Paper2DEditor.dll (API version 3944462).
LogModuleManager: Display: Found up-to-date module file ../../../Engine/Plugins/2D/Paper2D/Binaries/Win64/UE4Editor-PaperSpriteSheetImporter.dll (API version 3944462).
LogModuleManager: Display: Found up-to-date module file ../../../Engine/Plugins/2D/Paper2D/Binaries/Win64/UE4Editor-PaperTiledImporter.dll (API version 3944462).
LogModuleManager: Display: Found up-to-date module file ../../../Engine/Plugins/2D/Paper2D/Binaries/Win64/UE4Editor-SmartSnapping.dll (API version 3944462).
LogModuleManager: Display: Found up-to-date module file ../../../Engine/Plugins/Blendables/LightPropagationVolume/Binaries/Win64/UE4Editor-LightPropagationVolumeRuntime.dll (API version 3944462).
LogModuleManager: Display: Found up-to-date module file ../../../Engine/Plugins/Blendables/LightPropagationVolume/Binaries/Win64/UE4Editor-LightPropagationVolumeEditor.dll (API version 3944462).
LogModuleManager: Display: Found up-to-date module file ../../../Engine/Plugins/Developer/CLionSourceCodeAccess/Binaries/Win64/UE4Editor-CLionSourceCodeAccess.dll (API version 3944462).
LogModuleManager: Display: Found up-to-date module file ../../../Engine/Plugins/Developer/GitSourceControl/Binaries/Win64/UE4Editor-GitSourceControl.dll (API version 3944462).
LogModuleManager: Display: Found up-to-date module file ../../../Engine/Plugins/Developer/PerforceSourceControl/Binaries/Win64/UE4Editor-PerforceSourceControl.dll (API version 3944462).
LogModuleManager: Display: Found up-to-date module file ../../../Engine/Plugins/Developer/SubversionSourceControl/Binaries/Win64/UE4Editor-SubversionSourceControl.dll (API version 3944462).
LogModuleManager: Display: Found up-to-date module file ../../../Engine/Plugins/Developer/UObjectPlugin/Binaries/Win64/UE4Editor-UObjectPlugin.dll (API version 3944462).
LogModuleManager: Display: Found up-to-date module file ../../../Engine/Plugins/Developer/VisualStudioCodeSourceCodeAccess/Binaries/Win64/UE4Editor-VisualStudioCodeSourceCodeAccess.dll (API version 3944462).
LogModuleManager: Display: Found up-to-date module file ../../../Engine/Plugins/Developer/VisualStudioSourceCodeAccess/Binaries/Win64/UE4Editor-VisualStudioSourceCodeAccess.dll (API version 3944462).
LogModuleManager: Display: Found up-to-date module file ../../../Engine/Plugins/Editor/AssetManagerEditor/Binaries/Win64/UE4Editor-AssetManagerEditor.dll (API version 3944462).
LogModuleManager: Display: Found up-to-date module file ../../../Engine/Plugins/Editor/CryptoKeys/Binaries/Win64/UE4Editor-CryptoKeys.dll (API version 3944462).
LogModuleManager: Display: Found up-to-date module file ../../../Engine/Plugins/Editor/CryptoKeys/Binaries/Win64/UE4Editor-CryptoKeysOpenSSL.dll (API version 3944462).
LogModuleManager: Display: Found up-to-date module file ../../../Engine/Plugins/Editor/DataValidation/Binaries/Win64/UE4Editor-DataValidation.dll (API version 3944462).
LogModuleManager: Display: Found up-to-date module file ../../../Engine/Plugins/Editor/FacialAnimation/Binaries/Win64/UE4Editor-FacialAnimation.dll (API version 3944462).
LogModuleManager: Display: Found up-to-date module file ../../../Engine/Plugins/Editor/FacialAnimation/Binaries/Win64/UE4Editor-FacialAnimationEditor.dll (API version 3944462).
LogModuleManager: Display: Found up-to-date module file ../../../Engine/Plugins/Editor/GameplayTagsEditor/Binaries/Win64/UE4Editor-GameplayTagsEditor.dll (API version 3944462).
LogModuleManager: Display: Found up-to-date module file ../../../Engine/Plugins/Editor/MobileLauncherProfileWizard/Binaries/Win64/UE4Editor-MobileLauncherProfileWizard.dll (API version 3944462).
LogModuleManager: Display: Found up-to-date module file ../../../Engine/Plugins/Editor/PluginBrowser/Binaries/Win64/UE4Editor-PluginBrowser.dll (API version 3944462).
LogModuleManager: Display: Found up-to-date module file ../../../Engine/Plugins/Editor/SpeedTreeImporter/Binaries/Win64/UE4Editor-SpeedTreeImporter.dll (API version 3944462).
LogModuleManager: Display: Found up-to-date module file ../../../Engine/Plugins/Enterprise/DatasmithContent/Binaries/Win64/UE4Editor-DatasmithContent.dll (API version 3944462).
LogModuleManager: Display: Found up-to-date module file ../../../Engine/Plugins/Experimental/AlembicImporter/Binaries/Win64/UE4Editor-AlembicImporter.dll (API version 3944462).
LogModuleManager: Display: Found up-to-date module file ../../../Engine/Plugins/Experimental/AlembicImporter/Binaries/Win64/UE4Editor-AlembicLibrary.dll (API version 3944462).
LogModuleManager: Display: Found up-to-date module file ../../../Engine/Plugins/Experimental/CharacterAI/Binaries/Win64/UE4Editor-CharacterAI.dll (API version 3944462).
LogModuleManager: Display: Found up-to-date module file ../../../Engine/Plugins/Experimental/HTML5Networking/Binaries/Win64/UE4Editor-HTML5Networking.dll (API version 3944462).
LogModuleManager: Display: Found up-to-date module file ../../../Engine/Plugins/Media/AndroidMedia/Binaries/Win64/UE4Editor-AndroidMediaEditor.dll (API version 3944462).
LogModuleManager: Display: Found up-to-date module file ../../../Engine/Plugins/Media/AndroidMedia/Binaries/Win64/UE4Editor-AndroidMediaFactory.dll (API version 3944462).
LogModuleManager: Display: Found up-to-date module file ../../../Engine/Plugins/Media/AvfMedia/Binaries/Win64/UE4Editor-AvfMediaEditor.dll (API version 3944462).
LogModuleManager: Display: Found up-to-date module file ../../../Engine/Plugins/Media/AvfMedia/Binaries/Win64/UE4Editor-AvfMediaFactory.dll (API version 3944462).
LogModuleManager: Display: Found up-to-date module file ../../../Engine/Plugins/Media/AvfMedia/Binaries/Win64/UE4Editor-AvfMediaFactory.dll (API version 3944462).
LogModuleManager: Display: Found up-to-date module file ../../../Engine/Plugins/Media/ImgMedia/Binaries/Win64/UE4Editor-ImgMedia.dll (API version 3944462).
LogModuleManager: Display: Found up-to-date module file ../../../Engine/Plugins/Media/ImgMedia/Binaries/Win64/UE4Editor-ImgMediaEditor.dll (API version 3944462).
LogModuleManager: Display: Found up-to-date module file ../../../Engine/Plugins/Media/ImgMedia/Binaries/Win64/UE4Editor-ImgMediaFactory.dll (API version 3944462).
LogModuleManager: Display: Found up-to-date module file ../../../Engine/Plugins/Media/ImgMedia/Binaries/Win64/UE4Editor-ImgMediaFactory.dll (API version 3944462).
LogModuleManager: Display: Found up-to-date module file ../../../Engine/Plugins/Media/ImgMedia/Binaries/Win64/UE4Editor-OpenExrWrapper.dll (API version 3944462).
LogModuleManager: Display: Found up-to-date module file ../../../Engine/Plugins/Media/LinearTimecode/Binaries/Win64/UE4Editor-LinearTimecode.dll (API version 3944462).
LogModuleManager: Display: Found up-to-date module file ../../../Engine/Plugins/Media/MediaCompositing/Binaries/Win64/UE4Editor-MediaCompositing.dll (API version 3944462).
LogModuleManager: Display: Found up-to-date module file ../../../Engine/Plugins/Media/MediaCompositing/Binaries/Win64/UE4Editor-MediaCompositingEditor.dll (API version 3944462).
LogModuleManager: Display: Found up-to-date module file ../../../Engine/Plugins/Media/MediaPlayerEditor/Binaries/Win64/UE4Editor-MediaPlayerEditor.dll (API version 3944462).
LogModuleManager: Display: Found up-to-date module file ../../../Engine/Plugins/Media/WmfMedia/Binaries/Win64/UE4Editor-WmfMedia.dll (API version 3944462).
LogModuleManager: Display: Found up-to-date module file ../../../Engine/Plugins/Media/WmfMedia/Binaries/Win64/UE4Editor-WmfMediaEditor.dll (API version 3944462).
LogModuleManager: Display: Found up-to-date module file ../../../Engine/Plugins/Media/WmfMedia/Binaries/Win64/UE4Editor-WmfMediaFactory.dll (API version 3944462).
LogModuleManager: Display: Found up-to-date module file ../../../Engine/Plugins/Media/WmfMedia/Binaries/Win64/UE4Editor-WmfMediaFactory.dll (API version 3944462).
LogModuleManager: Display: Found up-to-date module file ../../../Engine/Plugins/Messaging/TcpMessaging/Binaries/Win64/UE4Editor-TcpMessaging.dll (API version 3944462).
LogModuleManager: Display: Found up-to-date module file ../../../Engine/Plugins/Messaging/UdpMessaging/Binaries/Win64/UE4Editor-UdpMessaging.dll (API version 3944462).
LogModuleManager: Display: Found up-to-date module file ../../../Engine/Plugins/MovieScene/ActorSequence/Binaries/Win64/UE4Editor-ActorSequence.dll (API version 3944462).
LogModuleManager: Display: Found up-to-date module file ../../../Engine/Plugins/MovieScene/LevelSequenceEditor/Binaries/Win64/UE4Editor-LevelSequenceEditor.dll (API version 3944462).
LogModuleManager: Display: Found up-to-date module file ../../../Engine/Plugins/MovieScene/MatineeToLevelSequence/Binaries/Win64/UE4Editor-MatineeToLevelSequence.dll (API version 3944462).
LogModuleManager: Display: Found up-to-date module file ../../../Engine/Plugins/NetcodeUnitTest/NetcodeUnitTest/Binaries/Win64/UE4Editor-NetcodeUnitTest.dll (API version 3944462).
LogModuleManager: Display: Found up-to-date module file ../../../Engine/Plugins/NetcodeUnitTest/NUTUnrealEngine4/Binaries/Win64/UE4Editor-NUTUnrealEngine4.dll (API version 3944462).
LogModuleManager: Display: Found up-to-date module file ../../../Engine/Plugins/Online/OnlineSubsystem/Binaries/Win64/UE4Editor-OnlineSubsystem.dll (API version 3944462).
LogModuleManager: Display: Found up-to-date module file ../../../Engine/Plugins/Runtime/AndroidPermission/Binaries/Win64/UE4Editor-AndroidPermission.dll (API version 3944462).
LogModuleManager: Display: Found up-to-date module file ../../../Engine/Plugins/Online/OnlineSubsystemNull/Binaries/Win64/UE4Editor-OnlineSubsystemNull.dll (API version 3944462).
LogModuleManager: Display: Found up-to-date module file ../../../Engine/Plugins/Online/OnlineSubsystemUtils/Binaries/Win64/UE4Editor-OnlineSubsystemUtils.dll (API version 3944462).
LogModuleManager: Display: Found up-to-date module file ../../../Engine/Plugins/Online/OnlineSubsystemUtils/Binaries/Win64/UE4Editor-OnlineBlueprintSupport.dll (API version 3944462).
LogModuleManager: Display: Found up-to-date module file ../../../Engine/Plugins/Runtime/AndroidDeviceProfileSelector/Binaries/Win64/UE4Editor-AndroidDeviceProfileSelector.dll (API version 3944462).
LogModuleManager: Display: Found up-to-date module file ../../../Engine/Plugins/Runtime/AppleARKit/Binaries/Win64/UE4Editor-AppleARKit.dll (API version 3944462).
LogModuleManager: Display: Found up-to-date module file ../../../Engine/Plugins/Runtime/ProceduralMeshComponent/Binaries/Win64/UE4Editor-ProceduralMeshComponent.dll (API version 3944462).
LogModuleManager: Display: Found up-to-date module file ../../../Engine/Plugins/Runtime/ProceduralMeshComponent/Binaries/Win64/UE4Editor-ProceduralMeshComponentEditor.dll (API version 3944462).
LogModuleManager: Display: Found up-to-date module file ../../../Engine/Plugins/Animation/LiveLink/Binaries/Win64/UE4Editor-LiveLink.dll (API version 3944462).
LogModuleManager: Display: Found up-to-date module file ../../../Engine/Plugins/Animation/LiveLink/Binaries/Win64/UE4Editor-LiveLinkEditor.dll (API version 3944462).
LogModuleManager: Display: Found up-to-date module file ../../../Engine/Plugins/Runtime/ArchVisCharacter/Binaries/Win64/UE4Editor-ArchVisCharacter.dll (API version 3944462).
LogModuleManager: Display: Found up-to-date module file ../../../Engine/Plugins/Runtime/AudioCapture/Binaries/Win64/UE4Editor-AudioCapture.dll (API version 3944462).
LogModuleManager: Display: Found up-to-date module file ../../../Engine/Plugins/Runtime/AudioCapture/Binaries/Win64/UE4Editor-AudioCaptureEditor.dll (API version 3944462).
LogModuleManager: Display: Found up-to-date module file ../../../Engine/Plugins/Runtime/CableComponent/Binaries/Win64/UE4Editor-CableComponent.dll (API version 3944462).
LogModuleManager: Display: Found up-to-date module file ../../../Engine/Plugins/Runtime/CustomMeshComponent/Binaries/Win64/UE4Editor-CustomMeshComponent.dll (API version 3944462).
LogModuleManager: Display: Found up-to-date module file ../../../Engine/Plugins/Runtime/ExampleDeviceProfileSelector/Binaries/Win64/UE4Editor-ExampleDeviceProfileSelector.dll (API version 3944462).
LogModuleManager: Display: Found up-to-date module file ../../../Engine/Plugins/Runtime/ImmediatePhysics/Binaries/Win64/UE4Editor-ImmediatePhysics.dll (API version 3944462).
LogModuleManager: Display: Found up-to-date module file ../../../Engine/Plugins/Runtime/ImmediatePhysics/Binaries/Win64/UE4Editor-ImmediatePhysicsEditor.dll (API version 3944462).
LogModuleManager: Display: Found up-to-date module file ../../../Engine/Plugins/Runtime/LocationServicesBPLibrary/Binaries/Win64/UE4Editor-LocationServicesBPLibrary.dll (API version 3944462).
LogModuleManager: Display: Found up-to-date module file ../../../Engine/Plugins/Runtime/MobilePatchingUtils/Binaries/Win64/UE4Editor-MobilePatchingUtils.dll (API version 3944462).
LogModuleManager: Display: Found up-to-date module file ../../../Engine/Plugins/Runtime/Oculus/OculusVR/Binaries/Win64/UE4Editor-OculusHMD.dll (API version 3944462).
LogModuleManager: Display: Found up-to-date module file ../../../Engine/Plugins/Runtime/Oculus/OculusVR/Binaries/Win64/UE4Editor-OculusInput.dll (API version 3944462).
LogModuleManager: Display: Found up-to-date module file ../../../Engine/Plugins/Runtime/Oculus/OculusVR/Binaries/Win64/UE4Editor-OculusEditor.dll (API version 3944462).
LogModuleManager: Display: Found up-to-date module file ../../../Engine/Plugins/Runtime/PhysXVehicles/Binaries/Win64/UE4Editor-PhysXVehicles.dll (API version 3944462).
LogModuleManager: Display: Found up-to-date module file ../../../Engine/Plugins/Runtime/PhysXVehicles/Binaries/Win64/UE4Editor-PhysXVehiclesEditor.dll (API version 3944462).
LogModuleManager: Display: Found up-to-date module file ../../../Engine/Plugins/Runtime/RuntimePhysXCooking/Binaries/Win64/UE4Editor-RuntimePhysXCooking.dll (API version 3944462).
LogModuleManager: Display: Found up-to-date module file ../../../Engine/Plugins/Runtime/Steam/SteamVR/Binaries/Win64/UE4Editor-SteamVR.dll (API version 3944462).
LogModuleManager: Display: Found up-to-date module file ../../../Engine/Plugins/Runtime/Steam/SteamVR/Binaries/Win64/UE4Editor-SteamVRController.dll (API version 3944462).
LogModuleManager: Display: Found up-to-date module file ../../../Engine/Plugins/Runtime/WindowsMoviePlayer/Binaries/Win64/UE4Editor-WindowsMoviePlayer.dll (API version 3944462).
LogPluginManager: Mounting plugin Paper2D
LogPluginManager: Mounting plugin LiveLink
LogPluginManager: Mounting plugin LightPropagationVolume
LogPluginManager: Mounting plugin CLionSourceCodeAccess
LogPluginManager: Mounting plugin CodeLiteSourceCodeAccess
LogPluginManager: Mounting plugin GitSourceControl
LogPluginManager: Mounting plugin KDevelopSourceCodeAccess
LogPluginManager: Mounting plugin NullSourceCodeAccess
LogPluginManager: Mounting plugin PerforceSourceControl
LogPluginManager: Mounting plugin SubversionSourceControl
LogPluginManager: Mounting plugin UObjectPlugin
LogPluginManager: Mounting plugin VisualStudioCodeSourceCodeAccess
LogPluginManager: Mounting plugin VisualStudioSourceCodeAccess
LogPluginManager: Mounting plugin XCodeSourceCodeAccess
LogPluginManager: Mounting plugin AssetManagerEditor
LogPluginManager: Mounting plugin CryptoKeys
LogPluginManager: Mounting plugin DataValidation
LogPluginManager: Mounting plugin FacialAnimation
LogPluginManager: Mounting plugin GameplayTagsEditor
LogPluginManager: Mounting plugin MobileLauncherProfileWizard
LogPluginManager: Mounting plugin PluginBrowser
LogPluginManager: Mounting plugin SpeedTreeImporter
LogPluginManager: Mounting plugin DatasmithContent
LogPluginManager: Mounting plugin AlembicImporter
LogPluginManager: Mounting plugin CharacterAI
LogPluginManager: Mounting plugin HTML5Networking
LogPluginManager: Mounting plugin AndroidMedia
LogPluginManager: Mounting plugin AvfMedia
LogPluginManager: Mounting plugin ImgMedia
LogPluginManager: Mounting plugin LinearTimecode
LogPluginManager: Mounting plugin MediaCompositing
LogPluginManager: Mounting plugin MediaPlayerEditor
LogPluginManager: Mounting plugin WmfMedia
LogPluginManager: Mounting plugin TcpMessaging
LogPluginManager: Mounting plugin UdpMessaging
LogPluginManager: Mounting plugin ActorSequence
LogPluginManager: Mounting plugin LevelSequenceEditor
LogPluginManager: Mounting plugin MatineeToLevelSequence
LogPluginManager: Mounting plugin NetcodeUnitTest
LogPluginManager: Mounting plugin NUTUnrealEngine4
LogPluginManager: Mounting plugin OnlineSubsystemGooglePlay
LogPluginManager: Mounting plugin OnlineSubsystemIOS
LogPluginManager: Mounting plugin OnlineSubsystem
LogPluginManager: Mounting plugin OnlineSubsystemNull
LogPluginManager: Mounting plugin OnlineSubsystemUtils
LogPluginManager: Mounting plugin AndroidDeviceProfileSelector
LogPluginManager: Mounting plugin AndroidMoviePlayer
LogPluginManager: Mounting plugin AndroidPermission
LogPluginManager: Mounting plugin AppleARKit
LogPluginManager: Mounting plugin AppleMoviePlayer
LogPluginManager: Mounting plugin ArchVisCharacter
LogPluginManager: Mounting plugin AudioCapture
LogPluginManager: Mounting plugin CableComponent
LogPluginManager: Mounting plugin CustomMeshComponent
LogPluginManager: Mounting plugin ExampleDeviceProfileSelector
LogPluginManager: Mounting plugin GoogleCloudMessaging
LogPluginManager: Mounting plugin ImmediatePhysics
LogPluginManager: Mounting plugin IOSDeviceProfileSelector
LogPluginManager: Mounting plugin LinuxDeviceProfileSelector
LogPluginManager: Mounting plugin LocationServicesBPLibrary
LogPluginManager: Mounting plugin MobilePatchingUtils
LogPluginManager: Mounting plugin OculusVR
LogPluginManager: Plugin shader directory ../../../Engine/Plugins/Runtime/Oculus/OculusVR/Shaders found
LogPluginManager: Mapping shader source directory ../../../Engine/Plugins/Runtime/Oculus/OculusVR/Shaders to virtual directory /Plugin/OculusVR
LogPluginManager: Mounting plugin PhysXVehicles
LogPluginManager: Mounting plugin ProceduralMeshComponent
LogPluginManager: Mounting plugin RuntimePhysXCooking
LogPluginManager: Mounting plugin SteamVR
LogPluginManager: Mounting plugin WindowsMoviePlayer
LogStreaming: Display: Took  1.354s to configure plugins.
LogInit: Using libcurl 7.47.1
LogInit:  - built for x86_64-pc-win32
LogInit:  - supports SSL with OpenSSL/1.0.2g
LogInit:  - supports HTTP deflate (compression) using libz 1.2.8
LogInit:  - other features:
LogInit:      CURL_VERSION_SSL
LogInit:      CURL_VERSION_LIBZ
LogInit:      CURL_VERSION_IPV6
LogInit:      CURL_VERSION_ASYNCHDNS
LogInit:      CURL_VERSION_LARGEFILE
LogInit:      CURL_VERSION_IDN
LogInit:  CurlRequestOptions (configurable via config and command line):
LogInit:  - bVerifyPeer = false  - Libcurl will NOT verify peer certificate
LogInit:  - bUseHttpProxy = false  - Libcurl will NOT use HTTP proxy
LogInit:  - bDontReuseConnections = false  - Libcurl will reuse connections
LogInit:  - CertBundlePath = nullptr  - Libcurl will use whatever was configured at build time.
LogInit:  - MaxHostConnections = 16  - Libcurl will limit the number of connections to a host
LogInit:  - LocalHostAddr = Default
LogInit: WinSock: version 1.1 (2.2), MaxSocks=32767, MaxUdp=65467
LogInit: WinSock: I am 1916C020 (10.19.0.35:0)
LogHMD: Failed initializing OVRPlugin 1.21.0
LogInit: Build: ++UE4+Release-4.19-CL-4033788
LogInit: Engine Version: 4.19.2-4033788+++UE4+Release-4.19
LogInit: Compatible Engine Version: 4.19.0-3944462+++UE4+Release-4.19
LogInit: Net CL: 3944462
LogDevObjectVersion: Number of dev versions registered: 18
LogDevObjectVersion:   Dev-Blueprints (B0D832E4-1F89-4F0D-ACCF-7EB736FD4AA2): 10
LogDevObjectVersion:   Dev-Build (E1C64328-A22C-4D53-A36C-8E866417BD8C): 0
LogDevObjectVersion:   Dev-Core (375EC13C-06E4-48FB-B500-84F0262A717E): 2
LogDevObjectVersion:   Dev-Editor (E4B068ED-F494-42E9-A231-DA0B2E46BB41): 23
LogDevObjectVersion:   Dev-Framework (CFFC743F-43B0-4480-9391-14DF171D2073): 33
LogDevObjectVersion:   Dev-Mobile (B02B49B5-BB20-44E9-A304-32B752E40360): 2
LogDevObjectVersion:   Dev-Networking (A4E4105C-59A1-49B5-A7C5-40C4547EDFEE): 0
LogDevObjectVersion:   Dev-Online (39C831C9-5AE6-47DC-9A44-9C173E1C8E7C): 0
LogDevObjectVersion:   Dev-Physics (78F01B33-EBEA-4F98-B9B4-84EACCB95AA2): 0
LogDevObjectVersion:   Dev-Platform (6631380F-2D4D-43E0-8009-CF276956A95A): 0
LogDevObjectVersion:   Dev-Rendering (12F88B9F-8875-4AFC-A67C-D90C383ABD29): 25
LogDevObjectVersion:   Dev-Sequencer (7B5AE74C-D270-4C10-A958-57980B212A5A): 6
LogDevObjectVersion:   Dev-VR (D7296918-1DD6-4BDD-9DE2-64A83CC13884): 1
LogDevObjectVersion:   Dev-LoadTimes (C2A15278-BFE7-4AFE-6C17-90FF531DF755): 1
LogDevObjectVersion:   Private-Geometry (6EACA3D4-40EC-4CC1-B786-8BED09428FC5): 2
LogDevObjectVersion:   Dev-AnimPhys (29E575DD-E0A3-4627-9D10-D276232CDCEA): 16
LogDevObjectVersion:   Dev-ReflectionCapture (6B266CEC-1EC7-4B8F-A30B-E4D90942FC07): 1
LogDevObjectVersion:   Dev-Automation (0DF73D61-A23F-47EA-B727-89E90C41499A): 1
LogInit: Compiled (64-bit): Apr 27 2018 02:06:57
LogInit: Compiled with Visual C++: 19.00.24215.01
LogInit: Build Configuration: Development
LogInit: Branch Name: ++UE4+Release-4.19
LogInit: Command Line: -EpicPortal 
LogInit: Base Directory: C:/Program Files/Epic Games/UE_4.19/Engine/Binaries/Win64/
LogInit: Installed Engine Build: 1
LogStreaming: Display: Took  0.000s to delete old logs.
LogInit: Presizing for max 8388607 objects, including 0 objects not considered by GC, pre-allocating 0 bytes for permanent pool.
LogInit: Object subsystem initialized
[2018.08.22-02.05.26:478][  0]LogInit: Selected Device Profile: [Windows]
[2018.08.22-02.05.26:478][  0]LogInit: Applying CVar settings loaded from the selected device profile: [Windows]
[2018.08.22-02.05.26:489][  0]LogInit: Computer: 1916C020
[2018.08.22-02.05.26:489][  0]LogInit: User: CoreyFre7626
[2018.08.22-02.05.26:489][  0]LogInit: CPU Page size=4096, Cores=4
[2018.08.22-02.05.26:489][  0]LogInit: High frequency timer resolution =3.323585 MHz
[2018.08.22-02.05.26:490][  0]LogMemory: Memory total: Physical=8.0GB (8GB approx)
[2018.08.22-02.05.26:490][  0]LogMemory: Platform Memory Stats for Windows
[2018.08.22-02.05.26:490][  0]LogMemory: Process Physical Memory: 278.88 MB used, 278.88 MB peak
[2018.08.22-02.05.26:490][  0]LogMemory: Process Virtual Memory: 268.93 MB used, 268.93 MB peak
[2018.08.22-02.05.26:490][  0]LogMemory: Physical Memory: 5743.49 MB used,  2406.66 MB free, 8150.15 MB total
[2018.08.22-02.05.26:490][  0]LogMemory: Virtual Memory: 746.22 MB used,  2406.66 MB free, 134217728.00 MB total
[2018.08.22-02.05.26:520][  0]LogInit: Using OS detected language (en-US).
[2018.08.22-02.05.26:520][  0]LogInit: Using OS detected locale (en-US).
[2018.08.22-02.05.26:525][  0]LogTextLocalizationManager: No specific localization for 'en-US' exists, so the 'en' localization will be used.
[2018.08.22-02.05.26:935][  0]LogStreaming: Display: Took  0.415s to EndInitTextLocalization.
[2018.08.22-02.05.26:936][  0]LogInit: Setting process to per monitor DPI aware
[2018.08.22-02.05.26:968][  0]LogSlate: New Slate User Created.  User Index 0, Is Virtual User: 0
[2018.08.22-02.05.26:968][  0]LogSlate: Slate User Registered.  User Index 0, Is Virtual User: 0
[2018.08.22-02.05.27:248][  0]LogD3D11RHI: D3D11 adapters:
[2018.08.22-02.05.27:290][  0]LogD3D11RHI:    0. 'NVIDIA GeForce GTX 670' (Feature Level 11_0)
[2018.08.22-02.05.27:290][  0]LogD3D11RHI:       2017/0/4075 MB DedicatedVideo/DedicatedSystem/SharedSystem, Outputs:2, VendorId:0x10de
[2018.08.22-02.05.27:292][  0]LogD3D11RHI:    1. 'Microsoft Basic Render Driver' (Feature Level 11_0)
[2018.08.22-02.05.27:292][  0]LogD3D11RHI:       0/0/4075 MB DedicatedVideo/DedicatedSystem/SharedSystem, Outputs:0, VendorId:0x1414
[2018.08.22-02.05.27:292][  0]LogD3D11RHI: Chosen D3D11 Adapter: 0
[2018.08.22-02.05.27:300][  0]LogD3D11RHI: Creating new Direct3DDevice
[2018.08.22-02.05.27:300][  0]LogD3D11RHI:     GPU DeviceId: 0x1189 (for the marketing name, search the web for "GPU Device Id")
[2018.08.22-02.05.27:300][  0]LogWindows: EnumDisplayDevices:
[2018.08.22-02.05.27:300][  0]LogWindows:    0. 'NVIDIA GeForce GTX 670' (P:0 D:1)
[2018.08.22-02.05.27:300][  0]LogWindows:    1. 'NVIDIA GeForce GTX 670' (P:1 D:1)
[2018.08.22-02.05.27:300][  0]LogWindows:    2. 'NVIDIA GeForce GTX 670' (P:0 D:0)
[2018.08.22-02.05.27:300][  0]LogWindows:    3. 'NVIDIA GeForce GTX 670' (P:0 D:0)
[2018.08.22-02.05.27:300][  0]LogWindows:    4. 'Mirage Driver' (P:0 D:0)
[2018.08.22-02.05.27:300][  0]LogWindows: DebugString: GetVideoDriverDetailsInvalid PrimaryIsNotTheChoosenAdapter GetVideoDriverDetailsInvalid PrimaryIsNotTheChoosenAdapter GetVideoDriverDetailsInvalid PrimaryIsNotTheChoosenAdapter GetVideoDriverDetailsInvalid PrimaryIsNotTheChoosenAdapter GetVideoDriverDetailsInvalid PrimaryIsNotTheChoosenAdapter FoundDriverCount:0 
[2018.08.22-02.05.27:300][  0]LogD3D11RHI:     Adapter Name: NVIDIA GeForce GTX 670
[2018.08.22-02.05.27:300][  0]LogD3D11RHI:   Driver Version: Unknown (internal:Unknown, unified:Unknown)
[2018.08.22-02.05.27:300][  0]LogD3D11RHI:      Driver Date: Unknown
[2018.08.22-02.05.27:300][  0]LogRHI: Texture pool is 1412 MB (70% of 2017 MB)
[2018.08.22-02.05.27:334][  0]LogD3D11RHI: [Aftermath] Aftermath enabled but failed to initialize
[2018.08.22-02.05.27:334][  0]LogD3D11RHI: [Aftermath] Aftermath enabled and primed
[2018.08.22-02.05.27:334][  0]LogD3D11RHI: Async texture creation enabled
[2018.08.22-02.05.27:354][  0]LogD3D11RHI: GPU Timing Frequency: 1000.000000 (Debug: 2 2)
[2018.08.22-02.05.27:357][  0]LogShaderCompilers: Guid format shader working directory is 35 characters bigger than the processId version (D:/Projects/EEL/EEL/Intermediate/Shaders/WorkingDirectory/8788/).
[2018.08.22-02.05.27:357][  0]LogShaderCompilers: Cleaned the shader compiler working directory 'D:/Users/Corey.Fre7626/AppData/Local/Temp/UnrealShaderWorkingDir/EA0E93A54071295CB33B2AA490AFA16C/'.
[2018.08.22-02.05.27:806][  0]LogTemp: Display: Loaded TP AllDesktopTargetPlatform
[2018.08.22-02.05.27:822][  0]LogTemp: Display: Loaded TP MacClientTargetPlatform
[2018.08.22-02.05.27:838][  0]LogTemp: Display: Loaded TP MacNoEditorTargetPlatform
[2018.08.22-02.05.27:855][  0]LogTemp: Display: Loaded TP MacServerTargetPlatform
[2018.08.22-02.05.27:871][  0]LogTemp: Display: Loaded TP MacTargetPlatform
[2018.08.22-02.05.27:887][  0]LogTemp: Display: Loaded TP WindowsClientTargetPlatform
[2018.08.22-02.05.27:904][  0]LogTemp: Display: Loaded TP WindowsNoEditorTargetPlatform
[2018.08.22-02.05.27:920][  0]LogTemp: Display: Loaded TP WindowsServerTargetPlatform
[2018.08.22-02.05.27:928][  0]LogTemp: Display: Loaded TP WindowsTargetPlatform
[2018.08.22-02.05.27:943][  0]LogTemp: Display: Loaded TP Android_ASTCTargetPlatform
[2018.08.22-02.05.27:957][  0]LogTemp: Display: Loaded TP Android_ATCTargetPlatform
[2018.08.22-02.05.27:971][  0]LogTemp: Display: Loaded TP Android_DXTTargetPlatform
[2018.08.22-02.05.27:986][  0]LogTemp: Display: Loaded TP Android_ETC1aTargetPlatform
[2018.08.22-02.05.28:000][  0]LogTemp: Display: Loaded TP Android_ETC1TargetPlatform
[2018.08.22-02.05.28:014][  0]LogTemp: Display: Loaded TP Android_ETC2TargetPlatform
[2018.08.22-02.05.28:044][  0]LogTemp: Display: Loaded TP Android_MultiTargetPlatform
[2018.08.22-02.05.28:044][  0]LogTemp: Display: Loaded TP Android_PVRTCTargetPlatform
[2018.08.22-02.05.28:058][  0]LogTemp: Display: Loaded TP AndroidTargetPlatform
[2018.08.22-02.05.28:061][  0]LogTemp: Display: Loaded TP HTML5TargetPlatform
[2018.08.22-02.05.28:101][  0]LogTemp: Display: Loaded TP IOSTargetPlatform
[2018.08.22-02.05.28:115][  0]LogTemp: Display: Loaded TP TVOSTargetPlatform
[2018.08.22-02.05.28:130][  0]LogTemp: Display: Loaded TP LinuxClientTargetPlatform
[2018.08.22-02.05.28:144][  0]LogTemp: Display: Loaded TP LinuxNoEditorTargetPlatform
[2018.08.22-02.05.28:159][  0]LogTemp: Display: Loaded TP LinuxServerTargetPlatform
[2018.08.22-02.05.28:175][  0]LogTemp: Display: Loaded TP LinuxTargetPlatform
[2018.08.22-02.05.28:175][  0]LogTargetPlatformManager: Display: Building Assets For Windows
[2018.08.22-02.05.28:319][  0]LogXGEController: Cannot use XGE Controller as Incredibuild is not installed on this machine.
[2018.08.22-02.05.28:319][  0]LogShaderCompilers: Cannot use XGE Shader Compiler as Incredibuild is not installed on this machine.
[2018.08.22-02.05.28:319][  0]LogShaderCompilers: Display: Using Local Shader Compiler.
[2018.08.22-02.05.29:260][  0]LogDerivedDataCache: Display: Max Cache Size: 512 MB
[2018.08.22-02.05.29:329][  0]LogDerivedDataCache: Loaded boot cache 0.07s 74MB D:/Users/Corey.Fre7626/AppData/Local/UnrealEngine/4.19/DerivedDataCache/Boot.ddc.
[2018.08.22-02.05.29:330][  0]LogDerivedDataCache: Display: Loaded Boot cache: D:/Users/Corey.Fre7626/AppData/Local/UnrealEngine/4.19/DerivedDataCache/Boot.ddc
[2018.08.22-02.05.29:330][  0]LogDerivedDataCache: FDerivedDataBackendGraph:  Pak pak cache file D:/Projects/EEL/EEL/DerivedDataCache/DDC.ddp not found, will not use a pak cache.
[2018.08.22-02.05.29:330][  0]LogDerivedDataCache: Unable to find inner node Pak for hierarchical cache Hierarchy.
[2018.08.22-02.05.29:330][  0]LogDerivedDataCache: FDerivedDataBackendGraph:  CompressedPak pak cache file D:/Projects/EEL/EEL/DerivedDataCache/Compressed.ddp not found, will not use a pak cache.
[2018.08.22-02.05.29:330][  0]LogDerivedDataCache: Unable to find inner node CompressedPak for hierarchical cache Hierarchy.
[2018.08.22-02.05.29:347][  0]LogDerivedDataCache: Display: Pak cache opened for reading ../../../Engine/DerivedDataCache/Compressed.ddp.
[2018.08.22-02.05.29:359][  0]LogDerivedDataCache: Using Local data cache path D:/Users/Corey.Fre7626/AppData/Local/UnrealEngine/Common/DerivedDataCache: Writable
[2018.08.22-02.05.29:359][  0]LogDerivedDataCache: Shared data cache path not found in *engine.ini, will not use an Shared cache.
[2018.08.22-02.05.29:359][  0]LogDerivedDataCache: Unable to find inner node Shared for hierarchical cache Hierarchy.
[2018.08.22-02.05.29:372][  0]LogMaterial: Verifying Global Shaders for PCD3D_SM5
[2018.08.22-02.05.29:372][  0]LogSlate: Using Freetype 2.6.0
[2018.08.22-02.05.29:373][  0]LogSlate: SlateFontCache - WITH_FREETYPE: 1, WITH_HARFBUZZ: 1
[2018.08.22-02.05.29:373][  0]LogSlate: SlateFontCache - WITH_FREETYPE: 1, WITH_HARFBUZZ: 1
[2018.08.22-02.05.29:542][  0]LogAssetRegistry: FAssetRegistry took 0.0263 seconds to start up
[2018.08.22-02.05.29:933][  0]LogInit: Selected Device Profile: [Windows]
[2018.08.22-02.05.30:103][  0]LogSimplygon: Simplygon DLL not present - disabling.
[2018.08.22-02.05.30:108][  0]LogMeshReduction: Using SimplygonSwarm for distributed automatic mesh merging
[2018.08.22-02.05.30:108][  0]LogMeshReduction: Using QuadricMeshReduction for automatic static mesh reduction
[2018.08.22-02.05.30:108][  0]LogMeshReduction: No automatic skeletal mesh reduction module available
[2018.08.22-02.05.30:108][  0]LogMeshReduction: No automatic mesh merging module available
[2018.08.22-02.05.30:108][  0]LogMeshMerging: No automatic mesh merging module available
[2018.08.22-02.05.30:147][  0]LogNetVersion: EEL , NetCL: 3944462, EngineNetVer: 2, GameNetVer: 0 (Checksum: 758772538)
[2018.08.22-02.05.30:639][  0]LogPackageLocalizationCache: Processed 9 localized package path(s) for 2 prioritized culture(s) in 0.096321 seconds
[2018.08.22-02.05.30:645][  0]LogUObjectArray: 36728 objects as part of root set at end of initial load.
[2018.08.22-02.05.30:645][  0]LogUObjectAllocator: 7314304 out of 0 bytes used by permanent object pool.
[2018.08.22-02.05.30:645][  0]LogUObjectArray: CloseDisregardForGC: 0/0 objects in disregard for GC pool
[2018.08.22-02.05.32:478][  0]LogTcpMessaging: Initializing TcpMessaging bridge
[2018.08.22-02.05.32:512][  0]LogUdpMessaging: Initializing bridge on interface 0.0.0.0:0 to multicast group 230.0.0.1:6666.
[2018.08.22-02.05.32:944][  0]SourceControl: Source control is disabled
[2018.08.22-02.05.32:944][  0]SourceControl: Source control is disabled
[2018.08.22-02.05.32:967][  0]SourceControl: Source control is disabled
[2018.08.22-02.05.32:990][  0]SourceControl: Source control is disabled
[2018.08.22-02.05.33:597][  0]LogAndroidPermission: UAndroidPermissionCallbackProxy::GetInstance
[2018.08.22-02.05.33:779][  0]LogOcInput: OculusInput pre-init called
[2018.08.22-02.05.33:911][  0]LogEngine: Initializing Engine...
[2018.08.22-02.05.33:912][  0]LogHMD: Failed to initialize OpenVR with code 110
[2018.08.22-02.05.33:913][  0]LogStats: UGameplayTagsManager::ConstructGameplayTagTree: Construct from data asset -  0.000 s
[2018.08.22-02.05.33:913][  0]LogStats: UGameplayTagsManager::ConstructGameplayTagTree: GameplayTagTreeChangedEvent.Broadcast -  0.000 s
[2018.08.22-02.05.34:165][  0]LogAIModule: Creating AISystem for world Untitled
[2018.08.22-02.05.34:174][  0]LogInit: XAudio2 using 'Speakers (High Definition Audio Device)' : 6 channels at 44.1 kHz using 16 bits per sample (channel mask 0x3f)
[2018.08.22-02.05.34:184][  0]LogInit: FAudioDevice initialized.
[2018.08.22-02.05.34:394][  0]LogDerivedDataCache: Saved boot cache 0.21s 74MB D:/Users/Corey.Fre7626/AppData/Local/UnrealEngine/4.19/DerivedDataCache/Boot.ddc.
[2018.08.22-02.05.34:404][  0]LogInit: Texture streaming: Enabled
[2018.08.22-02.05.34:424][  0]LogEngineSessionManager: EngineSessionManager initialized
[2018.08.22-02.05.34:439][  0]LogInit: Transaction tracking system initialized
[2018.08.22-02.05.34:470][  0]BlueprintLog: New page: Editor Load
[2018.08.22-02.05.34:565][  0]LocalizationService: Localization service is disabled
[2018.08.22-02.05.34:682][  0]LogConsoleResponse: Display: 
[2018.08.22-02.05.34:857][  0]LogCook: Display: Max memory allowance for cook 16384mb min free memory 0mb
[2018.08.22-02.05.34:857][  0]LogCook: Display: Mobile HDR setting 1
[2018.08.22-02.05.34:857][  0]LogGameplayTags: Display: UGameplayTagsManager::DoneAddingNativeTags. DelegateIsBound: 0
[2018.08.22-02.05.34:857][  0]LogStats: UGameplayTagsManager::ConstructGameplayTagTree: Construct from data asset -  0.000 s
[2018.08.22-02.05.34:857][  0]LogStats: UGameplayTagsManager::ConstructGameplayTagTree: GameplayTagTreeChangedEvent.Broadcast -  0.000 s
[2018.08.22-02.05.35:315][  0]LogFileCache: Scanning file cache for directory 'D:/Projects/EEL/EEL/Content/' took 0.01s
[2018.08.22-02.05.35:326][  0]SourceControl: Source control is disabled
[2018.08.22-02.05.35:326][  0]Cmd: MAP LOAD FILE="D:/Projects/EEL/EEL/Content/SideScrollerBP/Maps/ChrisProtoMap.umap" TEMPLATE=0 SHOWPROGRESS=1 FEATURELEVEL=3
[2018.08.22-02.05.35:326][  0]LightingResults: New page: Lighting Build
[2018.08.22-02.05.35:330][  0]MapCheck: New page: Map Check
[2018.08.22-02.05.35:330][  0]LightingResults: New page: Lighting Build
[2018.08.22-02.05.35:354][  0]LogUObjectGlobals: Created PersistentFrame Addr=0x000002066d8808b0, Size=48, Default__Player-Eel_C Function /Game/SideScrollerBP/Blueprints/Player-Eel.Player-Eel_C:ExecuteUbergraph_Player-Eel
[2018.08.22-02.05.35:648][  0]LogUObjectGlobals: Destroyed PersistentFrame Addr=0x000002066d8808b0, Size=48
[2018.08.22-02.05.35:648][  0]LogUObjectGlobals: Created PersistentFrame Addr=0x000002066d8808b0, Size=48, Default__Player-Eel_C Function /Engine/Transient.REINST_Player-Eel_C_1:ExecuteUbergraph_Player-Eel
[2018.08.22-02.05.35:652][  0]LogUObjectGlobals: Created PersistentFrame Addr=0x000002066d880c70, Size=48, Default__Player-Eel_C Function /Game/SideScrollerBP/Blueprints/Player-Eel.Player-Eel_C:ExecuteUbergraph_Player-Eel
[2018.08.22-02.05.35:853][  0]LogUObjectGlobals: Created PersistentFrame Addr=0x0000020611d72240, Size=424, Default__Edible_C Function /Game/SideScrollerBP/Blueprints/Edible.Edible_C:ExecuteUbergraph_Edible
[2018.08.22-02.05.35:870][  0]LogUObjectGlobals: Destroyed PersistentFrame Addr=0x0000020611d72240, Size=424
[2018.08.22-02.05.35:870][  0]LogUObjectGlobals: Created PersistentFrame Addr=0x0000020611d72240, Size=424, Default__Edible_C Function /Engine/Transient.REINST_Edible_C_7:ExecuteUbergraph_Edible
[2018.08.22-02.05.35:915][  0]LogUObjectGlobals: Created PersistentFrame Addr=0x0000020611d710c0, Size=416, Default__Edible_C Function /Game/SideScrollerBP/Blueprints/Edible.Edible_C:ExecuteUbergraph_Edible
[2018.08.22-02.05.35:917][  0]LogUObjectGlobals: Created PersistentFrame Addr=0x0000020611d70480, Size=416, Default__Edible-Duckling_C Function /Game/SideScrollerBP/Blueprints/Edible.Edible_C:ExecuteUbergraph_Edible
[2018.08.22-02.05.35:939][  0]LogUObjectGlobals: Destroyed PersistentFrame Addr=0x0000020611d70480, Size=416
[2018.08.22-02.05.35:939][  0]LogUObjectGlobals: Created PersistentFrame Addr=0x0000020611d70480, Size=416, Default__Edible-Duckling_C Function /Game/SideScrollerBP/Blueprints/Edible.Edible_C:ExecuteUbergraph_Edible
[2018.08.22-02.05.35:939][  0]LogUObjectGlobals: Created PersistentFrame Addr=0x0000020611cdfe40, Size=416, Default__Edible-Duckling_C Function /Game/SideScrollerBP/Blueprints/Edible.Edible_C:ExecuteUbergraph_Edible
[2018.08.22-02.05.35:952][  0]LogUObjectGlobals: Created PersistentFrame Addr=0x0000020611cdfc80, Size=416, Default__Edible-Fish_C Function /Game/SideScrollerBP/Blueprints/Edible.Edible_C:ExecuteUbergraph_Edible
[2018.08.22-02.05.35:953][  0]LogUObjectGlobals: Destroyed PersistentFrame Addr=0x0000020611cdfc80, Size=416
[2018.08.22-02.05.35:953][  0]LogUObjectGlobals: Created PersistentFrame Addr=0x0000020611cdfc80, Size=416, Default__Edible-Fish_C Function /Game/SideScrollerBP/Blueprints/Edible.Edible_C:ExecuteUbergraph_Edible
[2018.08.22-02.05.35:953][  0]LogUObjectGlobals: Created PersistentFrame Addr=0x0000020611cdf740, Size=416, Default__Edible-Fish_C Function /Game/SideScrollerBP/Blueprints/Edible.Edible_C:ExecuteUbergraph_Edible
[2018.08.22-02.05.35:962][  0]LogUObjectGlobals: Created PersistentFrame Addr=0x0000020611cdf580, Size=416, Default__Edible-Snail_C Function /Game/SideScrollerBP/Blueprints/Edible.Edible_C:ExecuteUbergraph_Edible
[2018.08.22-02.05.35:964][  0]LogUObjectGlobals: Destroyed PersistentFrame Addr=0x0000020611cdf580, Size=416
[2018.08.22-02.05.35:964][  0]LogUObjectGlobals: Created PersistentFrame Addr=0x0000020611cdf580, Size=416, Default__Edible-Snail_C Function /Game/SideScrollerBP/Blueprints/Edible.Edible_C:ExecuteUbergraph_Edible
[2018.08.22-02.05.35:964][  0]LogUObjectGlobals: Created PersistentFrame Addr=0x0000020611cdf040, Size=416, Default__Edible-Snail_C Function /Game/SideScrollerBP/Blueprints/Edible.Edible_C:ExecuteUbergraph_Edible
[2018.08.22-02.05.35:978][  0]LogUObjectGlobals: Created PersistentFrame Addr=0x0000020611cdee80, Size=416, Default__Edible-Worm_C Function /Game/SideScrollerBP/Blueprints/Edible.Edible_C:ExecuteUbergraph_Edible
[2018.08.22-02.05.35:979][  0]LogUObjectGlobals: Destroyed PersistentFrame Addr=0x0000020611cdee80, Size=416
[2018.08.22-02.05.35:979][  0]LogUObjectGlobals: Created PersistentFrame Addr=0x0000020611cdee80, Size=416, Default__Edible-Worm_C Function /Game/SideScrollerBP/Blueprints/Edible.Edible_C:ExecuteUbergraph_Edible
[2018.08.22-02.05.35:979][  0]LogUObjectGlobals: Created PersistentFrame Addr=0x0000020611cde940, Size=416, Default__Edible-Worm_C Function /Game/SideScrollerBP/Blueprints/Edible.Edible_C:ExecuteUbergraph_Edible
[2018.08.22-02.05.36:006][  0]LogUObjectGlobals: Created PersistentFrame Addr=0x0000020611cde780, Size=400, Default__Enemy_C Function /Game/SideScrollerBP/Blueprints/Enemy.Enemy_C:ExecuteUbergraph_Enemy
[2018.08.22-02.05.36:010][  0]LogUObjectGlobals: Destroyed PersistentFrame Addr=0x0000020611cde780, Size=400
[2018.08.22-02.05.36:010][  0]LogUObjectGlobals: Created PersistentFrame Addr=0x0000020611cde780, Size=400, Default__Enemy_C Function /Engine/Transient.REINST_Enemy_C_13:ExecuteUbergraph_Enemy
[2018.08.22-02.05.36:013][  0]LogUObjectGlobals: Created PersistentFrame Addr=0x0000020611cdd440, Size=400, Default__Enemy_C Function /Game/SideScrollerBP/Blueprints/Enemy.Enemy_C:ExecuteUbergraph_Enemy
[2018.08.22-02.05.36:015][  0]LogUObjectGlobals: Created PersistentFrame Addr=0x0000020611cdc9c0, Size=400, Default__Enemy-Harpoon_C Function /Game/SideScrollerBP/Blueprints/Enemy.Enemy_C:ExecuteUbergraph_Enemy
[2018.08.22-02.05.36:017][  0]LogUObjectGlobals: Destroyed PersistentFrame Addr=0x0000020611cdc9c0, Size=400
[2018.08.22-02.05.36:017][  0]LogUObjectGlobals: Created PersistentFrame Addr=0x0000020611cdc9c0, Size=400, Default__Enemy-Harpoon_C Function /Game/SideScrollerBP/Blueprints/Enemy.Enemy_C:ExecuteUbergraph_Enemy
[2018.08.22-02.05.36:017][  0]LogUObjectGlobals: Created PersistentFrame Addr=0x0000020611cdc2c0, Size=400, Default__Enemy-Harpoon_C Function /Game/SideScrollerBP/Blueprints/Enemy.Enemy_C:ExecuteUbergraph_Enemy
[2018.08.22-02.05.36:046][  0]LogUObjectGlobals: Created PersistentFrame Addr=0x0000020611a81ec0, Size=208, Default__Home_C Function /Game/SideScrollerBP/Blueprints/Home.Home_C:ExecuteUbergraph_Home
[2018.08.22-02.05.36:049][  0]LogUObjectGlobals: Destroyed PersistentFrame Addr=0x0000020611a81ec0, Size=208
[2018.08.22-02.05.36:049][  0]LogUObjectGlobals: Created PersistentFrame Addr=0x0000020611a81ec0, Size=208, Default__Home_C Function /Engine/Transient.REINST_Home_C_16:ExecuteUbergraph_Home
[2018.08.22-02.05.36:051][  0]LogUObjectGlobals: Created PersistentFrame Addr=0x0000020611a80800, Size=208, Default__Home_C Function /Game/SideScrollerBP/Blueprints/Home.Home_C:ExecuteUbergraph_Home
[2018.08.22-02.05.36:132][  0]LogLinker: Warning: Can't find file '/Game/SideScrollerBP/Maps/ChrisProtoMap_BuiltData'
[2018.08.22-02.05.36:132][  0]LogLinker: Warning: Can't find file for asset '/Game/SideScrollerBP/Maps/ChrisProtoMap_BuiltData' while loading D:/Projects/EEL/EEL/Content/SideScrollerBP/Maps/ChrisProtoMap.umap.
[2018.08.22-02.05.36:151][  0]LoadErrors: Error: /Game/SideScrollerBP/Maps/ChrisProtoMap : Can't find file for asset. /Game/SideScrollerBP/Maps/ChrisProtoMap_BuiltData
[2018.08.22-02.05.36:230][  0]LogLinker: Warning: Can't find file '/Game/SideScrollerBP/Maps/ChrisProtoMap_BuiltData'
[2018.08.22-02.05.36:230][  0]LogLinker: Warning: Can't find file for asset '/Game/SideScrollerBP/Maps/ChrisProtoMap_BuiltData' while loading D:/Projects/EEL/EEL/Content/SideScrollerBP/Maps/ChrisProtoMap.umap.
[2018.08.22-02.05.36:230][  0]LoadErrors: Error: /Game/SideScrollerBP/Maps/ChrisProtoMap : Can't find file for asset. /Game/SideScrollerBP/Maps/ChrisProtoMap_BuiltData
[2018.08.22-02.05.36:233][  0]LogUObjectGlobals: Created PersistentFrame Addr=0x0000020611d55dd0, Size=12, Default__ChrisProtoMap_C Function /Game/SideScrollerBP/Maps/ChrisProtoMap.ChrisProtoMap_C:ExecuteUbergraph_ChrisProtoMap
[2018.08.22-02.05.36:233][  0]LogLinker: Warning: Can't find file '/Game/SideScrollerBP/Maps/ChrisProtoMap_BuiltData'
[2018.08.22-02.05.36:233][  0]LogLinker: Warning: Can't find file for asset '/Game/SideScrollerBP/Maps/ChrisProtoMap_BuiltData' while loading NULL.
[2018.08.22-02.05.36:233][  0]LogLinker: Warning: Can't find file '/Game/SideScrollerBP/Maps/ChrisProtoMap_BuiltData'
[2018.08.22-02.05.36:233][  0]LogLinker: Warning: Can't find file for asset '/Game/SideScrollerBP/Maps/ChrisProtoMap_BuiltData' while loading NULL.
[2018.08.22-02.05.36:235][  0]LogUObjectGlobals: Destroyed PersistentFrame Addr=0x0000020611d55dd0, Size=12
[2018.08.22-02.05.36:235][  0]LogUObjectGlobals: Created PersistentFrame Addr=0x0000020611d55dd0, Size=12, Default__ChrisProtoMap_C Function /Engine/Transient.REINST_ChrisProtoMap_C_24:ExecuteUbergraph_ChrisProtoMap
[2018.08.22-02.05.36:236][  0]LogUObjectGlobals: Created PersistentFrame Addr=0x0000020611d55590, Size=12, Default__ChrisProtoMap_C Function /Game/SideScrollerBP/Maps/ChrisProtoMap.ChrisProtoMap_C:ExecuteUbergraph_ChrisProtoMap
[2018.08.22-02.05.36:393][  0]LogLinker: Warning: Can't find file '/Game/SideScrollerBP/Maps/ChrisProtoMap_BuiltData'
[2018.08.22-02.05.36:393][  0]LoadErrors: Failed to load /Game/SideScrollerBP/Maps/ChrisProtoMap_BuiltData.ChrisProtoMap_BuiltData Referenced by PersistentLevel
[2018.08.22-02.05.36:393][  0]LogLinker: Warning: Can't find file for asset '/Game/SideScrollerBP/Maps/ChrisProtoMap_BuiltData' while loading NULL.
[2018.08.22-02.05.36:393][  0]LoadErrors: Failed to load /Game/SideScrollerBP/Maps/ChrisProtoMap_BuiltData.ChrisProtoMap_BuiltData Referenced by PersistentLevel
[2018.08.22-02.05.36:462][  0]LogMaterial: Missing cached shader map for material lambert4, compiling. 
[2018.08.22-02.05.37:362][  0]LogShaderCompilers: Display: Shaders left to compile 60
[2018.08.22-02.05.37:362][  0]LogShaderCompilers: Display: Shaders left to compile 50
[2018.08.22-02.05.37:362][  0]LogShaderCompilers: Display: Shaders left to compile 40
[2018.08.22-02.05.37:362][  0]LogShaderCompilers: Display: Shaders left to compile 30
[2018.08.22-02.05.37:362][  0]LogShaderCompilers: Display: Shaders left to compile 20
[2018.08.22-02.05.37:362][  0]LogSkeletalMesh: Skeletal Mesh found in DDC [128.853027ms] /Game/Mannequin/Character/Mesh/SK_Mannequin.SK_Mannequin
[2018.08.22-02.05.37:487][  0]LogSkeletalMesh: Building Skeletal Mesh eel...
[2018.08.22-02.05.38:137][  0]LogSkeletalMesh: Built Skeletal Mesh [0.75s] /Game/SideScrollerBP/Meshes/eel.eel
[2018.08.22-02.05.38:257][  0]LogAIModule: Creating AISystem for world ChrisProtoMap
[2018.08.22-02.05.38:352][  0]LogPhysics: Warning: PopulatePhysXGeometryAndTransform(Convex): ConvexElem has invalid transform
[2018.08.22-02.05.38:352][  0]LogPhysics: Warning: ForeachShape(Convex): [/Game/Geometry/Meshes/TemplateFloor.TemplateFloor] ScaledElem[0] invalid
[2018.08.22-02.05.38:352][  0]LogPhysics: Warning: PopulatePhysXGeometryAndTransform(Convex): ConvexElem has invalid transform
[2018.08.22-02.05.38:352][  0]LogPhysics: Warning: ForeachShape(Convex): [/Game/Geometry/Meshes/TemplateFloor.TemplateFloor] ScaledElem[1] invalid
[2018.08.22-02.05.38:352][  0]LogPhysics: Warning: PopulatePhysXGeometryAndTransform(Convex): ConvexElem has invalid transform
[2018.08.22-02.05.38:352][  0]LogPhysics: Warning: ForeachShape(Convex): [/Game/Geometry/Meshes/TemplateFloor.TemplateFloor] ScaledElem[2] invalid
[2018.08.22-02.05.38:352][  0]LogPhysics: Warning: PopulatePhysXGeometryAndTransform(Convex): ConvexElem has invalid transform
[2018.08.22-02.05.38:352][  0]LogPhysics: Warning: ForeachShape(Convex): [/Game/Geometry/Meshes/TemplateFloor.TemplateFloor] ScaledElem[3] invalid
[2018.08.22-02.05.38:453][  0]LogEditorServer: Finished looking for orphan Actors (0.000 secs)
[2018.08.22-02.05.38:500][  0]LogUObjectGlobals: Destroyed PersistentFrame Addr=0x000002066d8808b0, Size=48
[2018.08.22-02.05.38:500][  0]LogUObjectGlobals: Destroyed PersistentFrame Addr=0x0000020611d72240, Size=424
[2018.08.22-02.05.38:501][  0]LogUObjectGlobals: Destroyed PersistentFrame Addr=0x0000020611d70480, Size=416
[2018.08.22-02.05.38:501][  0]LogUObjectGlobals: Destroyed PersistentFrame Addr=0x0000020611cdfc80, Size=416
[2018.08.22-02.05.38:501][  0]LogUObjectGlobals: Destroyed PersistentFrame Addr=0x0000020611cdf580, Size=416
[2018.08.22-02.05.38:501][  0]LogUObjectGlobals: Destroyed PersistentFrame Addr=0x0000020611cdee80, Size=416
[2018.08.22-02.05.38:501][  0]LogUObjectGlobals: Destroyed PersistentFrame Addr=0x0000020611cde780, Size=400
[2018.08.22-02.05.38:501][  0]LogUObjectGlobals: Destroyed PersistentFrame Addr=0x0000020611cdc9c0, Size=400
[2018.08.22-02.05.38:501][  0]LogUObjectGlobals: Destroyed PersistentFrame Addr=0x0000020611a81ec0, Size=208
[2018.08.22-02.05.38:501][  0]LogUObjectGlobals: Destroyed PersistentFrame Addr=0x0000020611d55dd0, Size=12
[2018.08.22-02.05.38:503][  0]Cmd: MAP CHECKDEP NOCLEARLOG
[2018.08.22-02.05.38:661][  0]MapCheck: Map check complete: 0 Error(s), 0 Warning(s), took 157.773ms to complete.
[2018.08.22-02.05.38:661][  0]LogFileHelpers: Loading map 'ChrisProtoMap' took 3.335
[2018.08.22-02.05.38:962][  0]LogCollectionManager: Loaded 0 collections in 0.002896 seconds
[2018.08.22-02.05.39:034][  0]LogFileCache: Scanning file cache for directory 'D:/Projects/EEL/EEL/Saved/Collections/' took 0.01s
[2018.08.22-02.05.39:034][  0]LogFileCache: Scanning file cache for directory 'D:/Projects/EEL/EEL/Content/Developers/CoreyFre7626/Collections/' took 0.01s
[2018.08.22-02.05.39:034][  0]LogFileCache: Scanning file cache for directory 'D:/Projects/EEL/EEL/Content/Collections/' took 0.01s
[2018.08.22-02.05.39:034][  0]LogCollectionManager: Rebuilt the GUID cache for 0 collections in 0.000001 seconds
[2018.08.22-02.05.39:053][  0]LogContentBrowser: Native class hierarchy populated in 0.0181 seconds. Added 2452 classes and 558 folders.
[2018.08.22-02.05.39:086][  0]LogContentBrowser: Native class hierarchy updated for 'WidgetCarousel' in 0.0004 seconds. Added 0 classes and 0 folders.
[2018.08.22-02.05.40:158][  0]LogContentBrowser: Native class hierarchy updated for 'AddContentDialog' in 0.0003 seconds. Added 0 classes and 0 folders.
[2018.08.22-02.05.40:181][  0]LogContentBrowser: Native class hierarchy updated for 'SceneOutliner' in 0.0004 seconds. Added 1 classes and 2 folders.
[2018.08.22-02.05.40:209][  0]LogSlate: Took 0.000265 seconds to synchronously load lazily loaded font '../../../Engine/Content/Slate/Fonts/Roboto-Regular.ttf' (155K)
[2018.08.22-02.05.40:212][  0]LogSlate: Took 0.000315 seconds to synchronously load lazily loaded font '../../../Engine/Content/Slate/Fonts/Roboto-Bold.ttf' (160K)
[2018.08.22-02.05.40:238][  0]LogSlate: Took 0.015039 seconds to synchronously load lazily loaded font '../../../Engine/Content/Editor/Slate/Fonts/FontAwesome.ttf' (139K)
[2018.08.22-02.05.40:462][  0]LogShaderCompilers: Display: Shaders left to compile 10
[2018.08.22-02.05.40:462][  0]LogRenderer: Reallocating scene render targets to support 1208x576 Format 10 NumSamples 1 (Frame:1).
[2018.08.22-02.05.40:674][  0]LogContentBrowser: Native class hierarchy updated for 'HierarchicalLODOutliner' in 0.0004 seconds. Added 0 classes and 0 folders.
[2018.08.22-02.05.40:674][  0]LogLoad: (Engine Initialization) Total time: 17.69 seconds
[2018.08.22-02.05.40:674][  0]LogLoad: (Engine Initialization) Total Blueprint compile time: 0.00 seconds
[2018.08.22-02.05.40:684][  0]LogWindowsTextInputMethodSystem: Display: IME system now deactivated.
[2018.08.22-02.05.40:731][  0]LogContentStreaming: Texture pool size now 1000 MB
[2018.08.22-02.05.40:739][  0]LogSlate: FSceneViewport::OnFocusLost() reason 2
[2018.08.22-02.05.40:856][  1]LogFileCache: Retrieving MD5 hashes for directory 'D:/Projects/EEL/EEL/Content/' took 0.16s
[2018.08.22-02.05.41:023][  2]LogAssetRegistry: Asset discovery search completed in 11.5020 seconds
[2018.08.22-02.05.41:027][  2]LogCollectionManager: Rebuilt the object cache for 0 collections in 0.000001 seconds (found 0 objects)
[2018.08.22-02.05.41:027][  2]LogCollectionManager: Fixed up redirectors for 0 collections in 0.000130 seconds (updated 0 objects)
[2018.08.22-02.05.43:737][279]LogSlate: Took 0.014239 seconds to synchronously load lazily loaded font '../../../Engine/Content/Slate/Fonts/Roboto-Light.ttf' (167K)
[2018.08.22-02.05.44:829][400]LogSlate: Took 0.000297 seconds to synchronously load lazily loaded font '../../../Engine/Content/Slate/Fonts/Roboto-Light.ttf' (167K)
[2018.08.22-02.05.46:753][630]LogSlate: Window 'Message Log' being destroyed
[2018.08.22-02.05.46:756][630]LogSlate: Window 'Message Log' being destroyed
[2018.08.22-02.05.50:640][ 93]LogSlate: FSceneViewport::OnFocusLost() reason 0
[2018.08.22-02.06.14:789][970]LogSlate: FSceneViewport::OnFocusLost() reason 0
[2018.08.22-02.06.32:504][924]LogSlate: FSceneViewport::OnFocusLost() reason 0
[2018.08.22-02.06.32:695][939]LogContentBrowser: Native class hierarchy updated for 'Cascade' in 0.0003 seconds. Added 2 classes and 2 folders.
[2018.08.22-02.06.43:761][815]LogSlate: FSceneViewport::OnFocusLost() reason 0
[2018.08.22-02.06.54:018][676]Cmd: OBJ SAVEPACKAGE PACKAGE="/Game/Corey/Objects/Bubbles" FILE="D:/Projects/EEL/EEL/Content/Corey/Objects/Bubbles.uasset" SILENT=true
[2018.08.22-02.06.54:031][676]LogSavePackage: Save=9.08ms
[2018.08.22-02.06.54:032][676]LogSavePackage: Moving 'D:/Projects/EEL/EEL/Saved/BubblesE4A3CC824B441D80B7B26781079EB300.tmp' to 'D:/Projects/EEL/EEL/Content/Corey/Objects/Bubbles.uasset'
[2018.08.22-02.06.54:035][676]LogSavePackage: Display: Finished SavePackage D:/Projects/EEL/EEL/Content/Corey/Objects/Bubbles.uasset
[2018.08.22-02.06.55:340][783]LogSlate: Window 'Bubbles' being destroyed
[2018.08.22-02.06.55:344][783]LogSlate: Window 'Bubbles' being destroyed
[2018.08.22-02.06.55:344][783]LogCascade: Quitting Cascade. FXSystem=0x00000206206BE700
[2018.08.22-02.07.18:119][315]LogSlate: FSceneViewport::OnFocusLost() reason 0
[2018.08.22-02.07.27:560][ 61]LogSlate: FSceneViewport::OnFocusLost() reason 0
[2018.08.22-02.07.32:524][477]Cmd: OBJ SAVEPACKAGE PACKAGE="/Game/Corey/Objects/Bubbles" FILE="D:/Projects/EEL/EEL/Content/Corey/Objects/Bubbles.uasset" SILENT=true
[2018.08.22-02.07.32:534][477]LogSavePackage: Save=8.45ms
[2018.08.22-02.07.32:534][477]LogSavePackage: Moving 'D:/Projects/EEL/EEL/Saved/Bubbles1F993F054A3658AEB0BDACB96ADDD87D.tmp' to 'D:/Projects/EEL/EEL/Content/Corey/Objects/Bubbles.uasset'
[2018.08.22-02.07.32:539][477]LogSavePackage: Display: Finished SavePackage D:/Projects/EEL/EEL/Content/Corey/Objects/Bubbles.uasset
[2018.08.22-02.07.33:492][556]LogSlate: Window 'Bubbles' being destroyed
[2018.08.22-02.07.33:495][556]LogSlate: Window 'Bubbles' being destroyed
[2018.08.22-02.07.33:495][556]LogCascade: Quitting Cascade. FXSystem=0x0000020640C1F1A0
[2018.08.22-02.07.55:717][ 70]LogSlate: FSceneViewport::OnFocusLost() reason 0
[2018.08.22-02.08.01:613][508]LogSlate: FSceneViewport::OnFocusLost() reason 0
[2018.08.22-02.08.08:167][ 67]LogSlate: FSceneViewport::OnFocusLost() reason 0
[2018.08.22-02.08.15:111][656]Cmd: OBJ SAVEPACKAGE PACKAGE="/Game/Corey/Objects/Bubbles" FILE="D:/Projects/EEL/EEL/Content/Corey/Objects/Bubbles.uasset" SILENT=true
[2018.08.22-02.08.15:123][656]LogSavePackage: Save=8.56ms
[2018.08.22-02.08.15:123][656]LogSavePackage: Moving 'D:/Projects/EEL/EEL/Saved/BubblesEA0C0B654A8D5CF826A778B368DFB9DA.tmp' to 'D:/Projects/EEL/EEL/Content/Corey/Objects/Bubbles.uasset'
[2018.08.22-02.08.15:127][656]LogSavePackage: Display: Finished SavePackage D:/Projects/EEL/EEL/Content/Corey/Objects/Bubbles.uasset
[2018.08.22-02.08.16:270][750]LogSlate: Window 'Bubbles' being destroyed
[2018.08.22-02.08.16:274][750]LogSlate: Window 'Bubbles' being destroyed
[2018.08.22-02.08.16:274][750]LogCascade: Quitting Cascade. FXSystem=0x000002063FFC4540
[2018.08.22-02.09.09:374][831]LogSlate: FSceneViewport::OnFocusLost() reason 0
[2018.08.22-02.09.14:241][214]LogSlate: FSceneViewport::OnFocusLost() reason 0
[2018.08.22-02.09.21:471][810]LogSlate: FSceneViewport::OnFocusLost() reason 0
[2018.08.22-02.09.34:462][920]Cmd: OBJ SAVEPACKAGE PACKAGE="/Game/Corey/Objects/Bubbles" FILE="D:/Projects/EEL/EEL/Content/Corey/Objects/Bubbles.uasset" SILENT=true
[2018.08.22-02.09.34:474][920]LogSavePackage: Save=9.39ms
[2018.08.22-02.09.34:474][920]LogSavePackage: Moving 'D:/Projects/EEL/EEL/Saved/Bubbles5AAED56A451C6A4B16DFBBA18C4DA3CD.tmp' to 'D:/Projects/EEL/EEL/Content/Corey/Objects/Bubbles.uasset'
[2018.08.22-02.09.34:478][920]LogSavePackage: Display: Finished SavePackage D:/Projects/EEL/EEL/Content/Corey/Objects/Bubbles.uasset
[2018.08.22-02.09.39:522][347]LogSlate: Window 'Bubbles' being destroyed
[2018.08.22-02.09.39:526][347]LogSlate: Window 'Bubbles' being destroyed
[2018.08.22-02.09.39:526][347]LogCascade: Quitting Cascade. FXSystem=0x000002063FDD2840
[2018.08.22-02.09.53:238][844]LogSlate: FSceneViewport::OnFocusLost() reason 0
[2018.08.22-02.09.58:534][276]LogSlate: FSceneViewport::OnFocusLost() reason 0
[2018.08.22-02.10.08:118][ 87]LogSlate: FSceneViewport::OnFocusLost() reason 0
[2018.08.22-02.10.11:653][381]Cmd: OBJ SAVEPACKAGE PACKAGE="/Game/Corey/Objects/Bubbles" FILE="D:/Projects/EEL/EEL/Content/Corey/Objects/Bubbles.uasset" SILENT=true
[2018.08.22-02.10.11:664][381]LogSavePackage: Save=8.33ms
[2018.08.22-02.10.11:664][381]LogSavePackage: Moving 'D:/Projects/EEL/EEL/Saved/Bubbles1250545B4E71D6D03E3063AAB54DE6E1.tmp' to 'D:/Projects/EEL/EEL/Content/Corey/Objects/Bubbles.uasset'
[2018.08.22-02.10.11:669][381]LogSavePackage: Display: Finished SavePackage D:/Projects/EEL/EEL/Content/Corey/Objects/Bubbles.uasset
[2018.08.22-02.10.12:776][471]LogSlate: Window 'Bubbles' being destroyed
[2018.08.22-02.10.12:780][471]LogSlate: Window 'Bubbles' being destroyed
[2018.08.22-02.10.12:780][471]LogCascade: Quitting Cascade. FXSystem=0x00000206206BEAC0
[2018.08.22-02.10.33:121][648]LogSlate: FSceneViewport::OnFocusLost() reason 0
[2018.08.22-02.10.33:279][656]AssetReimport: New page: Outstanding source content changes 2:10:33 AM
[2018.08.22-02.10.33:631][657]LogEditorFactories: Performing atomic reimport of [D:/Projects/EEL/EEL/Content/eel_lambert2_BaseColor.png]
[2018.08.22-02.10.33:632][657]LogFactory: FactoryCreateFile: Texture2D with ReimportTextureFactory (0 0 D:/Projects/EEL/EEL/Content/eel_lambert2_BaseColor.png)
[2018.08.22-02.10.33:890][657]LogEditorFactories: -- imported successfully
[2018.08.22-02.10.34:070][658]LogEditorFactories: Performing atomic reimport of [D:/Projects/EEL/EEL/Content/eel_lambert2_OcclusionRoughnessMetallic.png]
[2018.08.22-02.10.34:070][658]LogFactory: FactoryCreateFile: Texture2D with ReimportTextureFactory (0 0 D:/Projects/EEL/EEL/Content/eel_lambert2_OcclusionRoughnessMetallic.png)
[2018.08.22-02.10.34:233][658]LogEditorFactories: -- imported successfully
[2018.08.22-02.10.34:282][659]LogStaticMesh: Building static mesh fish_body...
[2018.08.22-02.10.34:371][659]LogStaticMesh: Built static mesh [0.10s] /Game/SideScrollerBP/Meshes/fish_body.fish_body
[2018.08.22-02.10.34:427][659]LogMaterial: Missing cached shader map for material lambert1, compiling. 
[2018.08.22-02.10.34:666][659]LogEditorFactories: Performing atomic reimport of [D:/Projects/EEL/EEL/Content/fish.FBX]
[2018.08.22-02.10.34:754][659]LogFbx: Loading FBX Scene from D:/Projects/EEL/EEL/Content/fish.FBX
[2018.08.22-02.10.34:797][659]LogFbx: FBX Scene Loaded Succesfully
[2018.08.22-02.10.34:930][659]LogStaticMesh: Building static mesh fish_body...
[2018.08.22-02.10.34:995][659]LogStaticMesh: Built static mesh [0.08s] /Game/SideScrollerBP/Meshes/fish_body.fish_body
[2018.08.22-02.10.35:240][659]LogEditorFactories: -- imported successfully
[2018.08.22-02.10.35:315][659]LogStaticMesh: Building static mesh fish_eyes...
[2018.08.22-02.10.35:320][659]LogStaticMesh: Built static mesh [0.02s] /Game/SideScrollerBP/Meshes/fish_eyes.fish_eyes
[2018.08.22-02.10.35:325][659]LogEditorFactories: Performing atomic reimport of [D:/Projects/EEL/EEL/Content/fish.FBX]
[2018.08.22-02.10.35:338][659]LogFbx: Loading FBX Scene from D:/Projects/EEL/EEL/Content/fish.FBX
[2018.08.22-02.10.35:354][659]LogFbx: FBX Scene Loaded Succesfully
[2018.08.22-02.10.35:407][659]LogStaticMesh: Building static mesh fish_eyes...
[2018.08.22-02.10.35:410][659]LogStaticMesh: Built static mesh [0.04s] /Game/SideScrollerBP/Meshes/fish_eyes.fish_eyes
[2018.08.22-02.10.35:436][659]LogEditorFactories: -- imported successfully
[2018.08.22-02.10.35:455][659]LogStaticMesh: Building static mesh fish_fins...
[2018.08.22-02.10.35:512][659]LogStaticMesh: Built static mesh [0.06s] /Game/SideScrollerBP/Meshes/fish_fins.fish_fins
[2018.08.22-02.10.35:532][659]LogEditorFactories: Performing atomic reimport of [D:/Projects/EEL/EEL/Content/fish.FBX]
[2018.08.22-02.10.35:543][659]LogFbx: Loading FBX Scene from D:/Projects/EEL/EEL/Content/fish.FBX
[2018.08.22-02.10.35:562][659]LogFbx: FBX Scene Loaded Succesfully
[2018.08.22-02.10.35:579][659]LogStaticMesh: Building static mesh fish_fins...
[2018.08.22-02.10.35:636][659]LogStaticMesh: Built static mesh [0.07s] /Game/SideScrollerBP/Meshes/fish_fins.fish_fins
[2018.08.22-02.10.35:660][659]LogEditorFactories: -- imported successfully
[2018.08.22-02.10.35:707][660]LogMaterial: Missing cached shader map for material lambert3, compiling. 
[2018.08.22-02.10.35:715][660]LogStaticMesh: Building static mesh snail_polySurface3...
[2018.08.22-02.10.35:736][660]LogStaticMesh: Built static mesh [0.02s] /Game/SideScrollerBP/Meshes/snail_polySurface3.snail_polySurface3
[2018.08.22-02.10.35:758][660]LogEditorFactories: Performing atomic reimport of [D:/Projects/EEL/EEL/Content/snail.fbx]
[2018.08.22-02.10.35:770][660]LogFbx: Loading FBX Scene from D:/Projects/EEL/EEL/Content/snail.fbx
[2018.08.22-02.10.35:785][660]LogFbx: FBX Scene Loaded Succesfully
[2018.08.22-02.10.35:791][660]LogStaticMesh: Building static mesh snail_polySurface3...
[2018.08.22-02.10.35:814][660]LogStaticMesh: Built static mesh [0.02s] /Game/SideScrollerBP/Meshes/snail_polySurface3.snail_polySurface3
[2018.08.22-02.10.35:838][660]LogEditorFactories: -- imported successfully
[2018.08.22-02.10.35:878][660]LogStaticMesh: Building static mesh snail_snail...
[2018.08.22-02.10.36:181][660]LogStaticMesh: Built static mesh [0.32s] /Game/SideScrollerBP/Meshes/snail_snail.snail_snail
[2018.08.22-02.10.36:222][660]LogEditorFactories: Performing atomic reimport of [D:/Projects/EEL/EEL/Content/snail.fbx]
[2018.08.22-02.10.36:234][660]LogFbx: Loading FBX Scene from D:/Projects/EEL/EEL/Content/snail.fbx
[2018.08.22-02.10.36:246][660]LogFbx: FBX Scene Loaded Succesfully
[2018.08.22-02.10.36:263][660]LogStaticMesh: Building static mesh snail_snail...
[2018.08.22-02.10.36:575][660]LogStaticMesh: Built static mesh [0.31s] /Game/SideScrollerBP/Meshes/snail_snail.snail_snail
[2018.08.22-02.10.36:616][660]LogEditorFactories: -- imported successfully
[2018.08.22-02.10.36:650][661]LogStaticMesh: Building static mesh worm_PM3D_pCube1...
[2018.08.22-02.10.36:652][661]LogStaticMesh: Built static mesh [0.00s] /Game/SideScrollerBP/Meshes/worm_PM3D_pCube1.worm_PM3D_pCube1
[2018.08.22-02.10.36:669][661]LogMaterial: Missing cached shader map for material PM3D_pCube1, compiling. 
[2018.08.22-02.10.36:678][661]LogEditorFactories: Performing atomic reimport of [D:/Projects/EEL/EEL/Content/worm.fbx]
[2018.08.22-02.10.36:690][661]LogFbx: Loading FBX Scene from D:/Projects/EEL/EEL/Content/worm.fbx
[2018.08.22-02.10.36:698][661]LogFbx: FBX Scene Loaded Succesfully
[2018.08.22-02.10.36:706][661]LogStaticMesh: Building static mesh worm_PM3D_pCube1...
[2018.08.22-02.10.36:709][661]LogStaticMesh: Built static mesh [0.01s] /Game/SideScrollerBP/Meshes/worm_PM3D_pCube1.worm_PM3D_pCube1
[2018.08.22-02.10.36:728][661]LogEditorFactories: -- imported successfully
[2018.08.22-02.10.36:781][662]LogSlate: FSceneViewport::OnFocusLost() reason 2
[2018.08.22-02.10.36:806][662]Cmd: OBJ SAVEPACKAGE PACKAGE="/Game/SideScrollerBP/Meshes/eel_lambert2_BaseColor" FILE="D:/Projects/EEL/EEL/Content/SideScrollerBP/Meshes/eel_lambert2_BaseColor.uasset" SILENT=true
[2018.08.22-02.10.36:911][662]LogSavePackage: Save=99.96ms
[2018.08.22-02.10.36:911][662]LogSavePackage: Moving 'D:/Projects/EEL/EEL/Saved/eel_lambert2_BaseColor919EA4744E666D2C69301AB8A495AAE6.tmp' to 'D:/Projects/EEL/EEL/Content/SideScrollerBP/Meshes/eel_lambert2_BaseColor.uasset'
[2018.08.22-02.10.36:917][662]LogSavePackage: Display: Finished SavePackage D:/Projects/EEL/EEL/Content/SideScrollerBP/Meshes/eel_lambert2_BaseColor.uasset
[2018.08.22-02.10.37:007][662]LogSavePackage: Save=67.39ms
[2018.08.22-02.10.37:007][662]LogSavePackage: Moving 'D:/Projects/EEL/EEL/Saved/eel_lambert2_OcclusionRoughnessM0714F6BB4C365C61770AB2B22F237702.tmp' to 'D:/Projects/EEL/EEL/Content/SideScrollerBP/Meshes/eel_lambert2_OcclusionRoughnessMetallic.uasset'
[2018.08.22-02.10.37:016][662]LogSavePackage: Display: Finished SavePackage D:/Projects/EEL/EEL/Content/SideScrollerBP/Meshes/eel_lambert2_OcclusionRoughnessMetallic.uasset
[2018.08.22-02.10.37:110][662]Cmd: OBJ SAVEPACKAGE PACKAGE="/Game/SideScrollerBP/Meshes/fish_body" FILE="D:/Projects/EEL/EEL/Content/SideScrollerBP/Meshes/fish_body.uasset" SILENT=true
[2018.08.22-02.10.37:156][662]LogSavePackage: Save=41.38ms
[2018.08.22-02.10.37:157][662]LogSavePackage: Moving 'D:/Projects/EEL/EEL/Saved/fish_body9A4C207A413FB649642521A160F87B95.tmp' to 'D:/Projects/EEL/EEL/Content/SideScrollerBP/Meshes/fish_body.uasset'
[2018.08.22-02.10.37:162][662]LogSavePackage: Display: Finished SavePackage D:/Projects/EEL/EEL/Content/SideScrollerBP/Meshes/fish_body.uasset
[2018.08.22-02.10.37:191][662]Cmd: OBJ SAVEPACKAGE PACKAGE="/Game/SideScrollerBP/Meshes/fish_eyes" FILE="D:/Projects/EEL/EEL/Content/SideScrollerBP/Meshes/fish_eyes.uasset" SILENT=true
[2018.08.22-02.10.37:210][662]LogSavePackage: Save=14.08ms
[2018.08.22-02.10.37:210][662]LogSavePackage: Moving 'D:/Projects/EEL/EEL/Saved/fish_eyes3580738F4D654B8AB38FAA98AA4B4461.tmp' to 'D:/Projects/EEL/EEL/Content/SideScrollerBP/Meshes/fish_eyes.uasset'
[2018.08.22-02.10.37:215][662]LogSavePackage: Display: Finished SavePackage D:/Projects/EEL/EEL/Content/SideScrollerBP/Meshes/fish_eyes.uasset
[2018.08.22-02.10.37:239][662]Cmd: OBJ SAVEPACKAGE PACKAGE="/Game/SideScrollerBP/Meshes/fish_fins" FILE="D:/Projects/EEL/EEL/Content/SideScrollerBP/Meshes/fish_fins.uasset" SILENT=true
[2018.08.22-02.10.37:260][662]LogSavePackage: Save=15.41ms
[2018.08.22-02.10.37:260][662]LogSavePackage: Moving 'D:/Projects/EEL/EEL/Saved/fish_finsC50F3D574BEFE485670277B50D224535.tmp' to 'D:/Projects/EEL/EEL/Content/SideScrollerBP/Meshes/fish_fins.uasset'
[2018.08.22-02.10.37:266][662]LogSavePackage: Display: Finished SavePackage D:/Projects/EEL/EEL/Content/SideScrollerBP/Meshes/fish_fins.uasset
[2018.08.22-02.10.37:292][662]Cmd: OBJ SAVEPACKAGE PACKAGE="/Game/SideScrollerBP/Meshes/snail_polySurface3" FILE="D:/Projects/EEL/EEL/Content/SideScrollerBP/Meshes/snail_polySurface3.uasset" SILENT=true
[2018.08.22-02.10.37:314][662]LogSavePackage: Save=15.64ms
[2018.08.22-02.10.37:314][662]LogSavePackage: Moving 'D:/Projects/EEL/EEL/Saved/snail_polySurface38FED9C224FB319BA92547E878A303AA9.tmp' to 'D:/Projects/EEL/EEL/Content/SideScrollerBP/Meshes/snail_polySurface3.uasset'
[2018.08.22-02.10.37:322][662]LogSavePackage: Display: Finished SavePackage D:/Projects/EEL/EEL/Content/SideScrollerBP/Meshes/snail_polySurface3.uasset
[2018.08.22-02.10.37:349][662]Cmd: OBJ SAVEPACKAGE PACKAGE="/Game/SideScrollerBP/Meshes/snail_snail" FILE="D:/Projects/EEL/EEL/Content/SideScrollerBP/Meshes/snail_snail.uasset" SILENT=true
[2018.08.22-02.10.37:370][662]LogSavePackage: Save=15.30ms
[2018.08.22-02.10.37:371][662]LogSavePackage: Moving 'D:/Projects/EEL/EEL/Saved/snail_snail506B9F07447439A01DCD1F81A0298055.tmp' to 'D:/Projects/EEL/EEL/Content/SideScrollerBP/Meshes/snail_snail.uasset'
[2018.08.22-02.10.37:378][662]LogSavePackage: Display: Finished SavePackage D:/Projects/EEL/EEL/Content/SideScrollerBP/Meshes/snail_snail.uasset
[2018.08.22-02.10.37:409][662]Cmd: OBJ SAVEPACKAGE PACKAGE="/Game/SideScrollerBP/Meshes/worm_PM3D_pCube1" FILE="D:/Projects/EEL/EEL/Content/SideScrollerBP/Meshes/worm_PM3D_pCube1.uasset" SILENT=true
[2018.08.22-02.10.37:428][662]LogSavePackage: Save=13.76ms
[2018.08.22-02.10.37:428][662]LogSavePackage: Moving 'D:/Projects/EEL/EEL/Saved/worm_PM3D_pCube1C3AACFBA41B78EC0F7EB51901DA4D9A1.tmp' to 'D:/Projects/EEL/EEL/Content/SideScrollerBP/Meshes/worm_PM3D_pCube1.uasset'
[2018.08.22-02.10.37:434][662]LogSavePackage: Display: Finished SavePackage D:/Projects/EEL/EEL/Content/SideScrollerBP/Meshes/worm_PM3D_pCube1.uasset
[2018.08.22-02.10.37:523][668]LogShaderCompilers: Display: Shaders left to compile 14
[2018.08.22-02.10.37:587][672]LogShaderCompilers: Display: Shaders left to compile 4
[2018.08.22-02.10.40:441][913]AssetReimport: Reimported asset eel_lambert2_BaseColor from D:/Projects/EEL/EEL/Content/eel_lambert2_BaseColor.png.
[2018.08.22-02.10.40:441][913]AssetReimport: Reimported asset eel_lambert2_OcclusionRoughnessMetallic from D:/Projects/EEL/EEL/Content/eel_lambert2_OcclusionRoughnessMetallic.png.
[2018.08.22-02.10.40:442][913]AssetReimport: Reimported asset fish_body from D:/Projects/EEL/EEL/Content/fish.FBX.
[2018.08.22-02.10.40:442][913]AssetReimport: Reimported asset fish_eyes from D:/Projects/EEL/EEL/Content/fish.FBX.
[2018.08.22-02.10.40:442][913]AssetReimport: Reimported asset fish_fins from D:/Projects/EEL/EEL/Content/fish.FBX.
[2018.08.22-02.10.40:442][913]AssetReimport: Reimported asset snail_polySurface3 from D:/Projects/EEL/EEL/Content/snail.fbx.
[2018.08.22-02.10.40:442][913]AssetReimport: Reimported asset snail_snail from D:/Projects/EEL/EEL/Content/snail.fbx.
[2018.08.22-02.10.40:442][913]AssetReimport: Reimported asset worm_PM3D_pCube1 from D:/Projects/EEL/EEL/Content/worm.fbx.
[2018.08.22-02.11.06:333][783]LogSlate: FSceneViewport::OnFocusLost() reason 0
[2018.08.22-02.11.06:408][792]LogTemp: Repeating last play command: Selected Viewport
[2018.08.22-02.11.06:496][792]LogBlueprintUserMessages: Early PlayInEditor Detection: Level '/Game/SideScrollerBP/Maps/ChrisProtoMap.ChrisProtoMap:PersistentLevel' has LevelScriptBlueprint '/Game/SideScrollerBP/Maps/ChrisProtoMap.ChrisProtoMap:PersistentLevel.ChrisProtoMap' with GeneratedClass '/Game/SideScrollerBP/Maps/ChrisProtoMap.ChrisProtoMap_C' with ClassGeneratedBy '/Game/SideScrollerBP/Maps/ChrisProtoMap.ChrisProtoMap:PersistentLevel.ChrisProtoMap'
[2018.08.22-02.11.06:510][792]LogPlayLevel: PlayLevel: No blueprints needed recompiling
[2018.08.22-02.11.06:579][792]PIE: New page: PIE session: ChrisProtoMap (Aug 23, 2018, 2:11:06 AM)
[2018.08.22-02.11.06:596][792]LogPlayLevel: Creating play world package: /Game/SideScrollerBP/Maps/UEDPIE_0_ChrisProtoMap
[2018.08.22-02.11.06:717][792]LogPlayLevel: PIE: StaticDuplicateObject took: (0.121242s)
[2018.08.22-02.11.06:717][792]LogAIModule: Creating AISystem for world ChrisProtoMap
[2018.08.22-02.11.06:718][792]LogPlayLevel: PIE: World Init took: (0.000818s)
[2018.08.22-02.11.06:718][792]LogPlayLevel: PIE: Created PIE world by copying editor world from /Game/SideScrollerBP/Maps/ChrisProtoMap.ChrisProtoMap to /Game/SideScrollerBP/Maps/UEDPIE_0_ChrisProtoMap.ChrisProtoMap (0.122395s)
[2018.08.22-02.11.06:757][792]LogInit: XAudio2 using 'Speakers (High Definition Audio Device)' : 6 channels at 44.1 kHz using 16 bits per sample (channel mask 0x3f)
[2018.08.22-02.11.06:765][792]LogInit: FAudioDevice initialized.
[2018.08.22-02.11.06:867][792]LogUObjectGlobals: Created PersistentFrame Addr=0x0000020611dc8700, Size=64, Default__ThirdPerson_AnimBP_C Function /Game/Mannequin/Animations/ThirdPerson_AnimBP.ThirdPerson_AnimBP_C:ExecuteUbergraph_ThirdPerson_AnimBP
[2018.08.22-02.11.06:880][792]LogUObjectGlobals: Destroyed PersistentFrame Addr=0x0000020611dc8700, Size=64
[2018.08.22-02.11.06:880][792]LogUObjectGlobals: Created PersistentFrame Addr=0x00000206233db840, Size=64, Default__ThirdPerson_AnimBP_C Function /Engine/Transient.REINST_ThirdPerson_AnimBP_C_0:ExecuteUbergraph_ThirdPerson_AnimBP
[2018.08.22-02.11.06:889][792]LogUObjectGlobals: Created PersistentFrame Addr=0x000002067fc449f0, Size=72, Default__ThirdPerson_AnimBP_C Function /Game/Mannequin/Animations/ThirdPerson_AnimBP.ThirdPerson_AnimBP_C:ExecuteUbergraph_ThirdPerson_AnimBP
[2018.08.22-02.11.06:919][792]LogUObjectGlobals: Created PersistentFrame Addr=0x0000020605748400, Size=160, Default__SideScrollerCharacter_C Function /Game/SideScrollerBP/Blueprints/SideScrollerCharacter.SideScrollerCharacter_C:ExecuteUbergraph_SideScrollerCharacter
[2018.08.22-02.11.06:922][792]LogUObjectGlobals: Destroyed PersistentFrame Addr=0x0000020605748400, Size=160
[2018.08.22-02.11.06:922][792]LogUObjectGlobals: Created PersistentFrame Addr=0x00000206206bd8a0, Size=160, Default__SideScrollerCharacter_C Function /Engine/Transient.REINST_SideScrollerCharacter_C_27:ExecuteUbergraph_SideScrollerCharacter
[2018.08.22-02.11.06:925][792]LogUObjectGlobals: Created PersistentFrame Addr=0x0000020665b09f80, Size=160, Default__SideScrollerCharacter_C Function /Game/SideScrollerBP/Blueprints/SideScrollerCharacter.SideScrollerCharacter_C:ExecuteUbergraph_SideScrollerCharacter
[2018.08.22-02.11.06:946][792]LogLoad: Game class is 'SideScrollerGameMode_C'
[2018.08.22-02.11.07:000][792]LogWorld: Bringing World /Game/SideScrollerBP/Maps/UEDPIE_0_ChrisProtoMap.ChrisProtoMap up for play (max tick rate 0) at 2018.08.22-14.11.07
[2018.08.22-02.11.07:179][792]LogWorld: Bringing up level for play took: 0.231983
[2018.08.22-02.11.07:323][792]LogContentBrowser: Native class hierarchy updated for 'MovieSceneCapture' in 0.0004 seconds. Added 11 classes and 0 folders.
[2018.08.22-02.11.07:352][792]PIE: Play in editor start time for /Game/SideScrollerBP/Maps/UEDPIE_0_ChrisProtoMap 1.114
[2018.08.22-02.11.07:352][792]LogBlueprintUserMessages: Late PlayInEditor Detection: Level '/Game/SideScrollerBP/Maps/ChrisProtoMap.ChrisProtoMap:PersistentLevel' has LevelScriptBlueprint '/Game/SideScrollerBP/Maps/ChrisProtoMap.ChrisProtoMap:PersistentLevel.ChrisProtoMap' with GeneratedClass '/Game/SideScrollerBP/Maps/ChrisProtoMap.ChrisProtoMap_C' with ClassGeneratedBy '/Game/SideScrollerBP/Maps/ChrisProtoMap.ChrisProtoMap:PersistentLevel.ChrisProtoMap'
[2018.08.22-02.11.13:031][391]LogBlueprintUserMessages: Early EndPlayMap Detection: Level '/Game/SideScrollerBP/Maps/ChrisProtoMap.ChrisProtoMap:PersistentLevel' has LevelScriptBlueprint '/Game/SideScrollerBP/Maps/ChrisProtoMap.ChrisProtoMap:PersistentLevel.ChrisProtoMap' with GeneratedClass '/Game/SideScrollerBP/Maps/ChrisProtoMap.ChrisProtoMap_C' with ClassGeneratedBy '/Game/SideScrollerBP/Maps/ChrisProtoMap.ChrisProtoMap:PersistentLevel.ChrisProtoMap'
[2018.08.22-02.11.13:154][391]LogBlueprintUserMessages: Late EndPlayMap Detection: Level '/Game/SideScrollerBP/Maps/ChrisProtoMap.ChrisProtoMap:PersistentLevel' has LevelScriptBlueprint '/Game/SideScrollerBP/Maps/ChrisProtoMap.ChrisProtoMap:PersistentLevel.ChrisProtoMap' with GeneratedClass '/Game/SideScrollerBP/Maps/ChrisProtoMap.ChrisProtoMap_C' with ClassGeneratedBy '/Game/SideScrollerBP/Maps/ChrisProtoMap.ChrisProtoMap:PersistentLevel.ChrisProtoMap'
[2018.08.22-02.11.13:165][391]LogUObjectGlobals: Destroyed PersistentFrame Addr=0x00000206206bd8a0, Size=160
[2018.08.22-02.11.13:166][391]LogUObjectGlobals: Destroyed PersistentFrame Addr=0x00000206233db840, Size=64
